Started FD grid on compute01.cluster.local
Thu 26 Feb 13:07:53 GMT 2026
Running FD seq-opt-lmcut on gripper/p01 (600s limit)...
Finished (or timed out) gripper/p01
Running FD seq-opt-lmcut on gripper/p02 (600s limit)...
Finished (or timed out) gripper/p02
Running FD seq-opt-lmcut on gripper/p03 (600s limit)...
Finished (or timed out) gripper/p03
Running FD seq-opt-lmcut on gripper/p04 (600s limit)...
Finished (or timed out) gripper/p04
Running FD seq-opt-lmcut on gripper/p05 (600s limit)...
Finished (or timed out) gripper/p05
Running FD seq-opt-lmcut on gripper/p06 (600s limit)...
Finished (or timed out) gripper/p06
Running FD seq-opt-lmcut on gripper/p07 (600s limit)...
Finished (or timed out) gripper/p07
Running FD seq-opt-lmcut on gripper/p08 (600s limit)...
Finished (or timed out) gripper/p08
Running FD seq-opt-lmcut on gripper/p09 (600s limit)...
Finished (or timed out) gripper/p09
Running FD seq-opt-lmcut on gripper/p10 (600s limit)...
Finished (or timed out) gripper/p10
Running FD seq-opt-lmcut on depots/p01 (600s limit)...
Finished (or timed out) depots/p01
Running FD seq-opt-lmcut on depots/p02 (600s limit)...
Finished (or timed out) depots/p02
Running FD seq-opt-lmcut on depots/p03 (600s limit)...
Finished (or timed out) depots/p03
Running FD seq-opt-lmcut on depots/p04 (600s limit)...
Finished (or timed out) depots/p04
Running FD seq-opt-lmcut on depots/p05 (600s limit)...
Finished (or timed out) depots/p05
Running FD seq-opt-lmcut on depots/p06 (600s limit)...
Finished (or timed out) depots/p06
Running FD seq-opt-lmcut on depots/p07 (600s limit)...
Finished (or timed out) depots/p07
Running FD seq-opt-lmcut on depots/p08 (600s limit)...
Finished (or timed out) depots/p08
Running FD seq-opt-lmcut on depots/p09 (600s limit)...
Finished (or timed out) depots/p09
Running FD seq-opt-lmcut on depots/p10 (600s limit)...
Finished (or timed out) depots/p10
Running FD seq-opt-lmcut on blocksworld/p01 (600s limit)...
Finished (or timed out) blocksworld/p01
Running FD seq-opt-lmcut on blocksworld/p02 (600s limit)...
Finished (or timed out) blocksworld/p02
Running FD seq-opt-lmcut on blocksworld/p03 (600s limit)...
Finished (or timed out) blocksworld/p03
Running FD seq-opt-lmcut on blocksworld/p04 (600s limit)...
Finished (or timed out) blocksworld/p04
Running FD seq-opt-lmcut on blocksworld/p05 (600s limit)...
Finished (or timed out) blocksworld/p05
Running FD seq-opt-lmcut on blocksworld/p06 (600s limit)...
Finished (or timed out) blocksworld/p06
Running FD seq-opt-lmcut on blocksworld/p07 (600s limit)...
Finished (or timed out) blocksworld/p07
Running FD seq-opt-lmcut on blocksworld/p08 (600s limit)...
Finished (or timed out) blocksworld/p08
Running FD seq-opt-lmcut on blocksworld/p09 (600s limit)...
Finished (or timed out) blocksworld/p09
Running FD seq-opt-lmcut on blocksworld/p10 (600s limit)...
Finished (or timed out) blocksworld/p10
Running FD seq-opt-lmcut on logistics/p01 (600s limit)...
Finished (or timed out) logistics/p01
Running FD seq-opt-lmcut on logistics/p02 (600s limit)...
Finished (or timed out) logistics/p02
Running FD seq-opt-lmcut on logistics/p03 (600s limit)...
Finished (or timed out) logistics/p03
Running FD seq-opt-lmcut on logistics/p04 (600s limit)...
Finished (or timed out) logistics/p04
Running FD seq-opt-lmcut on logistics/p05 (600s limit)...
Finished (or timed out) logistics/p05
Running FD seq-opt-lmcut on logistics/p06 (600s limit)...
Finished (or timed out) logistics/p06
Running FD seq-opt-lmcut on logistics/p07 (600s limit)...
Finished (or timed out) logistics/p07
Running FD seq-opt-lmcut on logistics/p08 (600s limit)...
Finished (or timed out) logistics/p08
Running FD seq-opt-lmcut on logistics/p09 (600s limit)...
Finished (or timed out) logistics/p09
Running FD seq-opt-lmcut on logistics/p10 (600s limit)...
Finished (or timed out) logistics/p10
FD grid completed
Thu 26 Feb 13:08:13 GMT 2026
